TN:
SF:src/dataStructure/singlyLinkedList.ts
FN:7,ListNode
FN:13,<instance_members_initializer>
FN:18,SinglyLinkedList
FN:23,add
FN:37,remove
FN:64,get size
FNF:6
FNH:6
FNDA:4,ListNode
FNDA:2,<instance_members_initializer>
FNDA:2,SinglyLinkedList
FNDA:4,add
FNDA:4,remove
FNDA:1,get size
DA:1,1
DA:2,1
DA:3,1
DA:4,1
DA:5,1
DA:6,1
DA:7,1
DA:8,4
DA:9,4
DA:10,4
DA:11,1
DA:12,1
DA:13,1
DA:14,2
DA:15,2
DA:16,2
DA:17,2
DA:18,2
DA:19,2
DA:20,2
DA:21,2
DA:22,2
DA:23,2
DA:24,4
DA:25,4
DA:26,4
DA:27,2
DA:28,2
DA:29,2
DA:30,2
DA:31,2
DA:32,2
DA:33,4
DA:34,4
DA:35,4
DA:36,2
DA:37,2
DA:38,4
DA:39,1
DA:40,1
DA:41,3
DA:42,3
DA:43,3
DA:44,3
DA:45,3
DA:46,3
DA:47,3
DA:48,3
DA:49,3
DA:50,3
DA:51,3
DA:52,4
DA:53,1
DA:54,1
DA:55,1
DA:56,1
DA:57,2
DA:58,2
DA:59,2
DA:60,2
DA:61,2
DA:62,2
DA:63,2
DA:64,2
DA:65,1
DA:66,1
DA:67,2
DA:68,1
DA:69,1
DA:70,1
DA:71,1
DA:72,1
DA:73,1
DA:74,1
DA:75,1
DA:76,1
DA:77,1
DA:78,1
DA:79,1
DA:80,1
DA:81,1
DA:82,1
DA:83,1
DA:84,1
LF:84
LH:84
BRDA:7,0,0,4
BRDA:13,1,0,2
BRDA:18,2,0,2
BRDA:23,3,0,4
BRDA:26,4,0,2
BRDA:26,5,0,2
BRDA:37,6,0,4
BRDA:38,7,0,3
BRDA:38,8,0,1
BRDA:40,9,0,3
BRDA:52,10,0,1
BRDA:56,11,0,2
BRDA:64,12,0,1
BRF:13
BRH:13
end_of_record
